2025-02-04 11:55:10,272	logs_personalizados	INFO	Logger inicializado con éxito
2025-02-04 11:55:10,287	logs_personalizados	INFO	tx=texts object
2025-02-04 11:55:10,287	logs_personalizados	INFO	['Unnafable.']
2025-02-04 11:55:10,287	logs_personalizados	INFO	Including t from tx
2025-02-04 11:55:10,287	logs_personalizados	INFO	['Unnafable.']
2025-02-04 11:55:10,293	logs_personalizados	INFO	Bert-tokens
2025-02-04 11:55:10,293	logs_personalizados	INFO	['un', '##na', '##fa', '##ble', '.']
2025-02-04 11:55:10,293	logs_personalizados	INFO	Group phones
2025-02-04 11:55:10,293	logs_personalizados	INFO	[['un', 'na', 'fa', 'ble'], ['.']]
2025-02-04 11:55:10,396	logs_personalizados	INFO	DERRAME
2025-02-04 11:55:10,396	logs_personalizados	INFO	['ah', 'n', 'ah', 'f', 'ae', 'g', 'ah', 'b', 'ah', 'l', '.']
2025-02-04 11:55:10,398	logs_personalizados	INFO	Phones-g2p
2025-02-04 11:55:10,398	logs_personalizados	INFO	['ah', 'n', 'ah', 'f', 'ae', 'g', 'ah', 'b', 'ah', 'l', '.']
2025-02-04 11:55:10,399	logs_personalizados	INFO	tones-g2p
2025-02-04 11:55:10,399	logs_personalizados	INFO	[1, 0, 1, 0, 2, 0, 1, 0, 1, 0, 0]
2025-02-04 11:55:10,399	logs_personalizados	INFO	word2ph-g2p
2025-02-04 11:55:10,399	logs_personalizados	INFO	[3, 3, 2, 2, 1]
2025-02-04 11:55:10,399	logs_personalizados	INFO	phones from t
2025-02-04 11:55:10,399	logs_personalizados	INFO	[0, 23, 73, 23, 45, 22, 46, 23, 30, 23, 70, 212, 0]
2025-02-04 11:55:10,399	logs_personalizados	INFO	tone from t
2025-02-04 11:55:10,399	logs_personalizados	INFO	[7, 8, 7, 8, 7, 9, 7, 8, 7, 8, 7, 7, 7]
2025-02-04 11:55:10,399	logs_personalizados	INFO	languages from t
2025-02-04 11:55:10,399	logs_personalizados	INFO	[2, 2, 2, 2, 2, 2, 2, 2, 2, 2, 2, 2, 2]
2025-02-04 11:55:10,399	logs_personalizados	INFO	norm_text from t
2025-02-04 11:55:10,399	logs_personalizados	INFO	unnafable.
2025-02-04 11:55:10,399	logs_personalizados	INFO	word2ph from t
2025-02-04 11:55:10,399	logs_personalizados	INFO	[1, 3, 3, 2, 2, 1, 1]
2025-02-04 11:55:10,399	logs_personalizados	INFO	pepe
2025-02-04 11:55:10,399	logs_personalizados	INFO	word2ph[i] * 2
2025-02-04 11:55:10,399	logs_personalizados	INFO	2
2025-02-04 11:55:10,399	logs_personalizados	INFO	word2ph[i] * 2
2025-02-04 11:55:10,399	logs_personalizados	INFO	6
2025-02-04 11:55:10,399	logs_personalizados	INFO	word2ph[i] * 2
2025-02-04 11:55:10,399	logs_personalizados	INFO	6
2025-02-04 11:55:10,399	logs_personalizados	INFO	word2ph[i] * 2
2025-02-04 11:55:10,399	logs_personalizados	INFO	4
2025-02-04 11:55:10,399	logs_personalizados	INFO	word2ph[i] * 2
2025-02-04 11:55:10,399	logs_personalizados	INFO	4
2025-02-04 11:55:10,399	logs_personalizados	INFO	word2ph[i] * 2
2025-02-04 11:55:10,399	logs_personalizados	INFO	2
2025-02-04 11:55:10,399	logs_personalizados	INFO	word2ph[i] * 2
2025-02-04 11:55:10,399	logs_personalizados	INFO	2
2025-02-04 11:55:13,193	logs_personalizados	INFO	tensor([[  0,   0,   0,  23,   0,  73,   0,  23,   0,  45,   0,  22,   0,  46,
           0,  23,   0,  30,   0,  23,   0,  70,   0, 212,   0,   0,   0]])
2025-02-04 11:55:13,390	logs_personalizados	INFO	tensor([[0, 7, 0, 8, 0, 7, 0, 8, 0, 7, 0, 9, 0, 7, 0, 8, 0, 7, 0, 8, 0, 7, 0, 7,
         0, 7, 0]])
2025-02-04 11:55:13,391	logs_personalizados	INFO	tensor([[0, 2, 0, 2, 0, 2, 0, 2, 0, 2, 0, 2, 0, 2, 0, 2, 0, 2, 0, 2, 0, 2, 0, 2,
         0, 2, 0]])
2025-02-04 11:55:13,392	logs_personalizados	INFO	tensor([[[0., 0., 0.,  ..., 0., 0., 0.],
         [0., 0., 0.,  ..., 0., 0., 0.],
         [0., 0., 0.,  ..., 0., 0., 0.],
         ...,
         [0., 0., 0.,  ..., 0., 0., 0.],
         [0., 0., 0.,  ..., 0., 0., 0.],
         [0., 0., 0.,  ..., 0., 0., 0.]]])
2025-02-04 11:55:13,394	logs_personalizados	INFO	tensor([[[-1.0574, -1.0574, -1.0574,  ..., -1.4437,  0.0343,  0.0343],
         [-0.0405, -0.0405, -0.0405,  ..., -0.0742,  0.0029,  0.0029],
         [-0.3453, -0.3453, -0.3453,  ..., -0.9224, -0.0538, -0.0538],
         ...,
         [-0.2937, -0.2937, -0.2937,  ..., -0.3106,  0.0424,  0.0424],
         [-0.9098, -0.9098, -0.9098,  ..., -0.7392, -0.0853, -0.0853],
         [ 0.6621,  0.6621,  0.6621,  ...,  0.4013, -0.0131, -0.0131]]])
2025-02-04 11:55:13,396	logs_personalizados	INFO	tensor([27])
